{"/home/ryan/Code/utils/packages/set/index.js": {"path":"/home/ryan/Code/utils/packages/set/index.js","statementMap":{"0":{"start":{"line":2,"column":12},"end":{"line":2,"column":14}},"1":{"start":{"line":14,"column":0},"end":{"line":25,"column":1}},"2":{"start":{"line":15,"column":2},"end":{"line":24,"column":3}},"3":{"start":{"line":16,"column":4},"end":{"line":16,"column":16}},"4":{"start":{"line":18,"column":4},"end":{"line":22,"column":5}},"5":{"start":{"line":19,"column":6},"end":{"line":21,"column":7}},"6":{"start":{"line":20,"column":8},"end":{"line":20,"column":20}},"7":{"start":{"line":23,"column":4},"end":{"line":23,"column":15}},"8":{"start":{"line":37,"column":0},"end":{"line":49,"column":1}},"9":{"start":{"line":38,"column":22},"end":{"line":38,"column":33}},"10":{"start":{"line":40,"column":2},"end":{"line":42,"column":3}},"11":{"start":{"line":41,"column":4},"end":{"line":41,"column":25}},"12":{"start":{"line":44,"column":2},"end":{"line":46,"column":3}},"13":{"start":{"line":45,"column":4},"end":{"line":45,"column":25}},"14":{"start":{"line":48,"column":2},"end":{"line":48,"column":20}},"15":{"start":{"line":61,"column":0},"end":{"line":77,"column":1}},"16":{"start":{"line":62,"column":17},"end":{"line":62,"column":28}},"17":{"start":{"line":64,"column":2},"end":{"line":68,"column":3}},"18":{"start":{"line":65,"column":4},"end":{"line":67,"column":5}},"19":{"start":{"line":66,"column":6},"end":{"line":66,"column":22}},"20":{"start":{"line":70,"column":2},"end":{"line":74,"column":3}},"21":{"start":{"line":71,"column":4},"end":{"line":73,"column":5}},"22":{"start":{"line":72,"column":6},"end":{"line":72,"column":22}},"23":{"start":{"line":76,"column":2},"end":{"line":76,"column":15}},"24":{"start":{"line":89,"column":0},"end":{"line":99,"column":1}},"25":{"start":{"line":90,"column":17},"end":{"line":90,"column":28}},"26":{"start":{"line":92,"column":2},"end":{"line":96,"column":3}},"27":{"start":{"line":93,"column":4},"end":{"line":95,"column":5}},"28":{"start":{"line":94,"column":6},"end":{"line":94,"column":22}},"29":{"start":{"line":98,"column":2},"end":{"line":98,"column":15}},"30":{"start":{"line":101,"column":0},"end":{"line":101,"column":20}}},"fnMap":{"0":{"name":"(anonymous_0)","decl":{"start":{"line":14,"column":13},"end":{"line":14,"column":14}},"loc":{"start":{"line":14,"column":29},"end":{"line":25,"column":1}},"line":14},"1":{"name":"(anonymous_1)","decl":{"start":{"line":37,"column":12},"end":{"line":37,"column":13}},"loc":{"start":{"line":37,"column":28},"end":{"line":49,"column":1}},"line":37},"2":{"name":"(anonymous_2)","decl":{"start":{"line":61,"column":19},"end":{"line":61,"column":20}},"loc":{"start":{"line":61,"column":35},"end":{"line":77,"column":1}},"line":61},"3":{"name":"(anonymous_3)","decl":{"start":{"line":89,"column":11},"end":{"line":89,"column":12}},"loc":{"start":{"line":89,"column":27},"end":{"line":99,"column":1}},"line":89}},"branchMap":{"0":{"loc":{"start":{"line":15,"column":2},"end":{"line":24,"column":3}},"type":"if","locations":[{"start":{"line":15,"column":2},"end":{"line":24,"column":3}},{"start":{"line":15,"column":2},"end":{"line":24,"column":3}}],"line":15},"1":{"loc":{"start":{"line":19,"column":6},"end":{"line":21,"column":7}},"type":"if","locations":[{"start":{"line":19,"column":6},"end":{"line":21,"column":7}},{"start":{"line":19,"column":6},"end":{"line":21,"column":7}}],"line":19},"2":{"loc":{"start":{"line":65,"column":4},"end":{"line":67,"column":5}},"type":"if","locations":[{"start":{"line":65,"column":4},"end":{"line":67,"column":5}},{"start":{"line":65,"column":4},"end":{"line":67,"column":5}}],"line":65},"3":{"loc":{"start":{"line":71,"column":4},"end":{"line":73,"column":5}},"type":"if","locations":[{"start":{"line":71,"column":4},"end":{"line":73,"column":5}},{"start":{"line":71,"column":4},"end":{"line":73,"column":5}}],"line":71},"4":{"loc":{"start":{"line":93,"column":4},"end":{"line":95,"column":5}},"type":"if","locations":[{"start":{"line":93,"column":4},"end":{"line":95,"column":5}},{"start":{"line":93,"column":4},"end":{"line":95,"column":5}}],"line":93}},"s":{"0":1,"1":1,"2":13,"3":1,"4":12,"5":8,"6":3,"7":9,"8":1,"9":3,"10":3,"11":2,"12":3,"13":0,"14":3,"15":1,"16":3,"17":3,"18":2,"19":0,"20":3,"21":0,"22":0,"23":3,"24":1,"25":3,"26":3,"27":2,"28":0,"29":3,"30":1},"f":{"0":13,"1":3,"2":3,"3":3},"b":{"0":[1,12],"1":[3,5],"2":[0,2],"3":[0,0],"4":[0,2]},"_coverageSchema":"d34fc3e6b8297bcde183f5492bcb8fcb36775295","hash":"24bbd45cce8cf40fa314848d7698c8384b2e0257","contentHash":"eaa8db4c53ea798fc79f4e2379e82d53_12.0.2"}
,"/home/ryan/Code/utils/packages/set/tests/index.js": {"path":"/home/ryan/Code/utils/packages/set/tests/index.js","statementMap":{"0":{"start":{"line":2,"column":14},"end":{"line":2,"column":41}},"1":{"start":{"line":3,"column":16},"end":{"line":3,"column":45}},"2":{"start":{"line":5,"column":17},"end":{"line":8,"column":2}},"3":{"start":{"line":10,"column":0},"end":{"line":11,"column":21}}},"fnMap":{},"branchMap":{},"s":{"0":1,"1":1,"2":1,"3":1},"f":{},"b":{},"_coverageSchema":"d34fc3e6b8297bcde183f5492bcb8fcb36775295","hash":"913f15e3b0cfdb839f08c21a2d7c48d9dd9017df","contentHash":"b42c7490549e6cb05d68f7be69dd4400_12.0.2"}
,"/home/ryan/Code/utils/packages/set/tests/runner.js": {"path":"/home/ryan/Code/utils/packages/set/tests/runner.js","statementMap":{"0":{"start":{"line":2,"column":17},"end":{"line":2,"column":35}},"1":{"start":{"line":4,"column":0},"end":{"line":6,"column":2}},"2":{"start":{"line":5,"column":2},"end":{"line":5,"column":11}}},"fnMap":{"0":{"name":"(anonymous_0)","decl":{"start":{"line":4,"column":35},"end":{"line":4,"column":36}},"loc":{"start":{"line":4,"column":42},"end":{"line":6,"column":1}},"line":4}},"branchMap":{},"s":{"0":1,"1":1,"2":0},"f":{"0":0},"b":{},"_coverageSchema":"d34fc3e6b8297bcde183f5492bcb8fcb36775295","hash":"98baeb44cda3d1404eb205736cb571aeb4c5c0c2","contentHash":"6797d04bd03dda21fe32c733cf34808a_12.0.2"}
,"/home/ryan/Code/utils/packages/set/tests/set-diff.js": {"path":"/home/ryan/Code/utils/packages/set/tests/set-diff.js","statementMap":{"0":{"start":{"line":2,"column":12},"end":{"line":2,"column":31}},"1":{"start":{"line":3,"column":16},"end":{"line":3,"column":45}},"2":{"start":{"line":5,"column":19},"end":{"line":5,"column":21}},"3":{"start":{"line":7,"column":0},"end":{"line":13,"column":4}},"4":{"start":{"line":9,"column":4},"end":{"line":9,"column":12}},"5":{"start":{"line":12,"column":4},"end":{"line":12,"column":15}},"6":{"start":{"line":15,"column":0},"end":{"line":23,"column":4}},"7":{"start":{"line":17,"column":4},"end":{"line":17,"column":23}},"8":{"start":{"line":18,"column":4},"end":{"line":18,"column":24}},"9":{"start":{"line":19,"column":4},"end":{"line":19,"column":29}},"10":{"start":{"line":22,"column":4},"end":{"line":22,"column":56}},"11":{"start":{"line":25,"column":0},"end":{"line":27,"column":32}}},"fnMap":{"0":{"name":"(anonymous_0)","decl":{"start":{"line":8,"column":9},"end":{"line":8,"column":10}},"loc":{"start":{"line":8,"column":23},"end":{"line":10,"column":3}},"line":8},"1":{"name":"(anonymous_1)","decl":{"start":{"line":11,"column":10},"end":{"line":11,"column":11}},"loc":{"start":{"line":11,"column":18},"end":{"line":13,"column":3}},"line":11},"2":{"name":"(anonymous_2)","decl":{"start":{"line":16,"column":9},"end":{"line":16,"column":10}},"loc":{"start":{"line":16,"column":23},"end":{"line":20,"column":3}},"line":16},"3":{"name":"(anonymous_3)","decl":{"start":{"line":21,"column":10},"end":{"line":21,"column":11}},"loc":{"start":{"line":21,"column":18},"end":{"line":23,"column":3}},"line":21}},"branchMap":{},"s":{"0":1,"1":1,"2":1,"3":1,"4":1,"5":1,"6":1,"7":1,"8":1,"9":1,"10":3,"11":1},"f":{"0":1,"1":1,"2":1,"3":3},"b":{},"_coverageSchema":"d34fc3e6b8297bcde183f5492bcb8fcb36775295","hash":"db83ca6b0044ad83210176c0d93baa4bcee4d773","contentHash":"ef1746c237ce4675318842d19587be50_12.0.2"}
,"/home/ryan/Code/utils/packages/set/tests/set-equals.js": {"path":"/home/ryan/Code/utils/packages/set/tests/set-equals.js","statementMap":{"0":{"start":{"line":2,"column":12},"end":{"line":2,"column":31}},"1":{"start":{"line":3,"column":16},"end":{"line":3,"column":45}},"2":{"start":{"line":5,"column":19},"end":{"line":5,"column":21}},"3":{"start":{"line":7,"column":0},"end":{"line":15,"column":4}},"4":{"start":{"line":9,"column":4},"end":{"line":9,"column":23}},"5":{"start":{"line":10,"column":4},"end":{"line":10,"column":24}},"6":{"start":{"line":11,"column":4},"end":{"line":11,"column":29}},"7":{"start":{"line":14,"column":4},"end":{"line":14,"column":33}},"8":{"start":{"line":17,"column":0},"end":{"line":38,"column":4}},"9":{"start":{"line":19,"column":4},"end":{"line":22,"column":5}},"10":{"start":{"line":23,"column":4},"end":{"line":26,"column":5}},"11":{"start":{"line":27,"column":4},"end":{"line":30,"column":5}},"12":{"start":{"line":31,"column":4},"end":{"line":34,"column":5}},"13":{"start":{"line":37,"column":4},"end":{"line":37,"column":34}},"14":{"start":{"line":40,"column":0},"end":{"line":42,"column":33}}},"fnMap":{"0":{"name":"(anonymous_0)","decl":{"start":{"line":8,"column":9},"end":{"line":8,"column":10}},"loc":{"start":{"line":8,"column":23},"end":{"line":12,"column":3}},"line":8},"1":{"name":"(anonymous_1)","decl":{"start":{"line":13,"column":10},"end":{"line":13,"column":11}},"loc":{"start":{"line":13,"column":18},"end":{"line":15,"column":3}},"line":13},"2":{"name":"(anonymous_2)","decl":{"start":{"line":18,"column":9},"end":{"line":18,"column":10}},"loc":{"start":{"line":18,"column":23},"end":{"line":35,"column":3}},"line":18},"3":{"name":"(anonymous_3)","decl":{"start":{"line":36,"column":10},"end":{"line":36,"column":11}},"loc":{"start":{"line":36,"column":26},"end":{"line":38,"column":3}},"line":36}},"branchMap":{},"s":{"0":1,"1":1,"2":1,"3":1,"4":1,"5":1,"6":1,"7":3,"8":1,"9":1,"10":1,"11":1,"12":1,"13":4,"14":1},"f":{"0":1,"1":3,"2":1,"3":4},"b":{},"_coverageSchema":"d34fc3e6b8297bcde183f5492bcb8fcb36775295","hash":"289154c2beac96c9c2cf1668afdf07ab26eb439e","contentHash":"5387c9bbeed134056340765694c1abc9_12.0.2"}
,"/home/ryan/Code/utils/packages/set/tests/set-intersection.js": {"path":"/home/ryan/Code/utils/packages/set/tests/set-intersection.js","statementMap":{"0":{"start":{"line":2,"column":12},"end":{"line":2,"column":31}},"1":{"start":{"line":3,"column":16},"end":{"line":3,"column":45}},"2":{"start":{"line":5,"column":19},"end":{"line":5,"column":21}},"3":{"start":{"line":7,"column":0},"end":{"line":15,"column":4}},"4":{"start":{"line":9,"column":4},"end":{"line":9,"column":23}},"5":{"start":{"line":10,"column":4},"end":{"line":10,"column":24}},"6":{"start":{"line":11,"column":4},"end":{"line":11,"column":29}},"7":{"start":{"line":14,"column":4},"end":{"line":14,"column":46}},"8":{"start":{"line":17,"column":0},"end":{"line":18,"column":44}}},"fnMap":{"0":{"name":"(anonymous_0)","decl":{"start":{"line":8,"column":9},"end":{"line":8,"column":10}},"loc":{"start":{"line":8,"column":23},"end":{"line":12,"column":3}},"line":8},"1":{"name":"(anonymous_1)","decl":{"start":{"line":13,"column":10},"end":{"line":13,"column":11}},"loc":{"start":{"line":13,"column":18},"end":{"line":15,"column":3}},"line":13}},"branchMap":{},"s":{"0":1,"1":1,"2":1,"3":1,"4":1,"5":1,"6":1,"7":3,"8":1},"f":{"0":1,"1":3},"b":{},"_coverageSchema":"d34fc3e6b8297bcde183f5492bcb8fcb36775295","hash":"57c40cf6e59587a939df2496eedf8e8a54b0af26","contentHash":"f709ad2f5f7d826e0a157d3e133ed754_12.0.2"}
,"/home/ryan/Code/utils/packages/set/tests/set-union.js": {"path":"/home/ryan/Code/utils/packages/set/tests/set-union.js","statementMap":{"0":{"start":{"line":2,"column":12},"end":{"line":2,"column":31}},"1":{"start":{"line":3,"column":16},"end":{"line":3,"column":45}},"2":{"start":{"line":5,"column":19},"end":{"line":5,"column":21}},"3":{"start":{"line":7,"column":0},"end":{"line":15,"column":4}},"4":{"start":{"line":9,"column":4},"end":{"line":9,"column":23}},"5":{"start":{"line":10,"column":4},"end":{"line":10,"column":24}},"6":{"start":{"line":11,"column":4},"end":{"line":11,"column":29}},"7":{"start":{"line":14,"column":4},"end":{"line":14,"column":57}},"8":{"start":{"line":17,"column":0},"end":{"line":18,"column":33}}},"fnMap":{"0":{"name":"(anonymous_0)","decl":{"start":{"line":8,"column":9},"end":{"line":8,"column":10}},"loc":{"start":{"line":8,"column":23},"end":{"line":12,"column":3}},"line":8},"1":{"name":"(anonymous_1)","decl":{"start":{"line":13,"column":10},"end":{"line":13,"column":11}},"loc":{"start":{"line":13,"column":18},"end":{"line":15,"column":3}},"line":13}},"branchMap":{},"s":{"0":1,"1":1,"2":1,"3":1,"4":1,"5":1,"6":1,"7":3,"8":1},"f":{"0":1,"1":3},"b":{},"_coverageSchema":"d34fc3e6b8297bcde183f5492bcb8fcb36775295","hash":"444521d1b09eab1cfc3ecc2988f0a17bb8738a40","contentHash":"6e001c101a1cd239fd6dd0a2bdf6baea_12.0.2"}
}
